acl						install
adduser						install
adwaita-icon-theme				install
alsa-topology-conf				install
alsa-ucm-conf					install
amd64-microcode					install
apparmor					install
apport						install
apport-symptoms					install
apt						install
apt-transport-https				install
apt-utils					install
at-spi2-core					install
attr						install
augeas-lenses					install
autoconf					install
automake					install
autotools-dev					install
base-files					install
base-passwd					install
bash						install
bash-completion					install
bat						install
bc						install
bcache-tools					install
bind9-dnsutils					install
bind9-host					install
bind9-libs:amd64				install
binfmt-support					install
binutils					install
binutils-common:amd64				install
binutils-x86-64-linux-gnu			install
blt						install
bolt						install
bridge-utils					install
bsdextrautils					install
bsdmainutils					install
bsdutils					install
btop						install
btrfs-progs					install
build-essential					install
busybox-initramfs				install
busybox-static					install
byobu						install
bzip2						install
ca-certificates					install
ca-certificates-java				install
clang						install
clang-14					install
cloud-guest-utils				install
cloud-init					install
cloud-initramfs-copymods			install
cloud-initramfs-dyn-netconf			install
cockpit						install
cockpit-bridge					install
cockpit-machines				install
cockpit-networkmanager				install
cockpit-packagekit				install
cockpit-storaged				install
cockpit-system					install
cockpit-ws					install
command-not-found				install
console-setup					install
console-setup-linux				install
containerd.io					install
coreutils					install
cpio						install
cpp						install
cpp-11						install
cpu-checker					install
cracklib-runtime				install
cron						install
crudini						install
cryptsetup					install
cryptsetup-bin					install
cryptsetup-initramfs				install
curl						install
dash						install
db-util						install
db5.3-util					install
dbus						install
dbus-user-session				install
dconf-gsettings-backend:amd64			install
dconf-service					install
dctrl-tools					install
debconf						install
debconf-i18n					install
debianutils					install
debootstrap					install
default-jre-headless				install
devscripts					install
diffstat					install
diffutils					install
dirmngr						install
distro-info					install
distro-info-data				install
dmeventd					install
dmidecode					install
dmsetup						install
dns-root-data					install
dnsmasq-base					install
docker-buildx-plugin				install
docker-ce					install
docker-ce-cli					install
docker-ce-rootless-extras			install
docker-compose					install
docker-compose-plugin				install
dosfstools					install
dpkg						install
dpkg-dev					install
dput						install
dselect						install
e2fsprogs					install
eatmydata					install
ed						install
efibootmgr					install
eject						install
ethtool						install
exfatprogs					install
extlinux					install
f2fs-tools					install
fail2ban					install
fakeroot					install
fdisk						install
ffmpeg						install
file						install
finalrd						install
findutils					install
firmware-sof-signed				install
fontconfig					install
fontconfig-config				install
fonts-dejavu-core				install
fonts-droid-fallback				install
fonts-noto-mono					install
fonts-ubuntu-console				install
fonts-urw-base35				install
freerdp2-dev					install
freerdp2-x11					install
friendly-recovery				install
ftp						install
fuse3						install
fwupd						install
fwupd-signed					install
g++						install
g++-11						install
gawk						install
gcc						install
gcc-11						install
gcc-11-base:amd64				install
gcc-12-base:amd64				install
gdisk						install
gettext						install
gettext-base					install
ghostscript					install
gir1.2-freedesktop:amd64			install
gir1.2-glib-2.0:amd64				install
gir1.2-harfbuzz-0.0:amd64			install
gir1.2-libosinfo-1.0:amd64			install
gir1.2-packagekitglib-1.0			install
gir1.2-pango-1.0:amd64				install
git						install
git-man						install
glances						deinstall
glib-networking:amd64				install
glib-networking-common				install
glib-networking-services			install
gnupg						install
gnupg-l10n					install
gnupg-utils					install
gpg						install
gpg-agent					install
gpg-wks-client					install
gpg-wks-server					install
gpgconf						install
gpgsm						install
gpgv						install
grep						install
groff-base					install
grub-common					install
grub-efi-amd64					install
grub-efi-amd64-bin				install
grub-efi-amd64-signed				install
grub2-common					install
gsettings-desktop-schemas			install
gstreamer1.0-plugins-base:amd64			install
gstreamer1.0-plugins-good:amd64			install
gstreamer1.0-x:amd64				install
gtk-update-icon-cache				install
guestfish					install
guestfs-tools					install
guestmount					install
gzip						install
hddtemp						install
hdparm						install
hfsplus						install
hicolor-icon-theme				install
hostname					install
htop						install
humanity-icon-theme				install
i965-va-driver:amd64				install
ibverbs-providers:amd64				install
icoutils					install
icu-devtools					install
iftop						install
info						install
init						install
init-system-helpers				install
initramfs-tools					install
initramfs-tools-bin				install
initramfs-tools-core				install
install-info					install
intel-media-va-driver:amd64			install
intel-microcode					install
intltool-debian					install
iproute2					install
iptables					install
iputils-ping					install
iputils-tracepath				install
ipxe-qemu					install
ipxe-qemu-256k-compat-efi-roms			install
irqbalance					install
isc-dhcp-client					install
isc-dhcp-common					install
iso-codes					install
iucode-tool					install
java-common					install
javascript-common				install
jq						install
kbd						install
keyboard-configuration				install
klibc-utils					install
kmod						install
kpartx						install
landscape-common				install
ldmtool						install
less						install
lib32gcc-s1					install
lib32stdc++6					install
libaa1:amd64					install
libaacs0:amd64					install
libacl1:amd64					install
libafflib0v5:amd64				install
libaio1:amd64					install
libalgorithm-diff-perl				install
libalgorithm-diff-xs-perl			install
libalgorithm-merge-perl				install
libaliased-perl					install
libaom3:amd64					install
libapparmor1:amd64				install
libappstream4:amd64				install
libapr1:amd64					install
libapt-pkg-perl					install
libapt-pkg6.0:amd64				install
libarchive-zip-perl				install
libarchive13:amd64				install
libargon2-1:amd64				install
libarray-intspan-perl				install
libasan6:amd64					install
libasound2:amd64				install
libasound2-data					install
libass9:amd64					install
libassuan0:amd64				install
libasyncns0:amd64				install
libatasmart4:amd64				install
libatk-bridge2.0-0:amd64			install
libatk1.0-0:amd64				install
libatk1.0-data					install
libatm1:amd64					install
libatomic1:amd64				install
libatspi2.0-0:amd64				install
libattr1:amd64					install
libaudit-common					install
libaudit1:amd64					install
libaugeas0:amd64				install
libauthen-sasl-perl				install
libavahi-client3:amd64				install
libavahi-common-data:amd64			install
libavahi-common3:amd64				install
libavc1394-0:amd64				install
libavcodec-dev:amd64				install
libavcodec58:amd64				install
libavdevice58:amd64				install
libavfilter7:amd64				install
libavformat-dev:amd64				install
libavformat58:amd64				install
libavutil-dev:amd64				install
libavutil56:amd64				install
libb-hooks-endofscope-perl			install
libb-hooks-op-check-perl			install
libbdplus0:amd64				install
libbfio1:amd64					install
libbinutils:amd64				install
libblas3:amd64					install
libblkid-dev:amd64				install
libblkid1:amd64					install
libblockdev-crypto2:amd64			install
libblockdev-fs2:amd64				install
libblockdev-loop2:amd64				install
libblockdev-mdraid2:amd64			install
libblockdev-part-err2:amd64			install
libblockdev-part2:amd64				install
libblockdev-swap2:amd64				install
libblockdev-utils2:amd64			install
libblockdev2:amd64				install
libbluetooth3:amd64				install
libbluray2:amd64				install
libboost-iostreams1.74.0:amd64			install
libboost-thread1.74.0:amd64			install
libbpf0:amd64					install
libbrlapi0.8:amd64				install
libbrotli-dev:amd64				install
libbrotli1:amd64				install
libbs2b0:amd64					install
libbsd0:amd64					install
libburn4:amd64					install
libbytesize-common				install
libbytesize1:amd64				install
libbz2-1.0:amd64				install
libc-bin					install
libc-dev-bin					install
libc-devtools					install
libc6:amd64					install
libc6-dev:amd64					install
libc6-i386					install
libcaca0:amd64					install
libcacard0:amd64				install
libcairo-gobject2:amd64				install
libcairo-script-interpreter2:amd64		install
libcairo2:amd64					install
libcairo2-dev:amd64				install
libcap-dev:amd64				install
libcap-ng0:amd64				install
libcap2:amd64					install
libcap2-bin					install
libcapture-tiny-perl				install
libcbor0.8:amd64				install
libcc1-0:amd64					install
libcdio-cdda2:amd64				install
libcdio-paranoia2:amd64				install
libcdio19:amd64					install
libcdparanoia0:amd64				install
libcgi-fast-perl				install
libcgi-pm-perl					install
libchromaprint1:amd64				install
libclang-common-14-dev				install
libclang-cpp14					install
libclang1-14					install
libclass-data-inheritable-perl			install
libclass-method-modifiers-perl			install
libclass-xsaccessor-perl			install
libclone-perl					install
libcodec2-1.0:amd64				install
libcolord2:amd64				install
libcom-err2:amd64				install
libcommon-sense-perl:amd64			install
libconfig-tiny-perl				install
libconfig9:amd64				install
libconst-fast-perl				install
libcontextual-return-perl			install
libcpanel-json-xs-perl:amd64			install
libcrack2:amd64					install
libcrypt-dev:amd64				install
libcrypt1:amd64					install
libcryptsetup12:amd64				install
libctf-nobfd0:amd64				install
libctf0:amd64					install
libcups2:amd64					install
libcurl3-gnutls:amd64				install
libcurl4:amd64					install
libdata-dpath-perl				install
libdata-dump-perl				install
libdata-messagepack-perl			install
libdata-optlist-perl				install
libdata-validate-domain-perl			install
libdata-validate-ip-perl			install
libdata-validate-uri-perl			install
libdate-manip-perl				install
libdatrie-dev:amd64				install
libdatrie1:amd64				install
libdav1d5:amd64					install
libdaxctl1:amd64				install
libdb5.3:amd64					install
libdbus-1-3:amd64				install
libdbus-glib-1-2:amd64				install
libdc1394-25:amd64				install
libdconf1:amd64					install
libdebconfclient0:amd64				install
libdecor-0-0:amd64				install
libdecor-0-plugin-1-cairo:amd64			install
libdeflate0:amd64				install
libdevel-callchecker-perl			install
libdevel-size-perl				install
libdevel-stacktrace-perl			install
libdevmapper-event1.02.1:amd64			install
libdevmapper1.02.1:amd64			install
libdistro-info-perl				install
libdns-export1110				install
libdpkg-perl					install
libdrm-amdgpu1:amd64				install
libdrm-common					install
libdrm-intel1:amd64				install
libdrm-nouveau2:amd64				install
libdrm-radeon1:amd64				install
libdrm2:amd64					install
libdv4:amd64					install
libdw1:amd64					install
libdynaloader-functions-perl			install
libeatmydata1:amd64				install
libeclipse-jdt-core-java			install
libedit2:amd64					install
libefiboot1:amd64				install
libefivar1:amd64				install
libegl-mesa0:amd64				install
libegl1:amd64					install
libelf1:amd64					install
libemail-address-xs-perl			install
libencode-locale-perl				install
libepoxy0:amd64					install
liberror-perl					install
libestr0:amd64					install
libev-dev:amd64					install
libev4:amd64					install
libevdev2:amd64					install
libevent-core-2.1-7:amd64			install
libevent-pthreads-2.1-7:amd64			install
libewf2						install
libexception-class-perl				install
libexpat1:amd64					install
libexpat1-dev:amd64				install
libexporter-tiny-perl				install
libext2fs2:amd64				install
libfakeroot:amd64				install
libfastjson4:amd64				install
libfcgi-bin					install
libfcgi-perl:amd64				install
libfcgi0ldbl:amd64				install
libfdisk1:amd64					install
libfdt1:amd64					install
libffi-dev:amd64				install
libffi8:amd64					install
libfido2-1:amd64				install
libfile-basedir-perl				install
libfile-chdir-perl				install
libfile-dirlist-perl				install
libfile-fcntllock-perl				install
libfile-find-rule-perl				install
libfile-homedir-perl				install
libfile-listing-perl				install
libfile-touch-perl				install
libfile-which-perl				install
libflac8:amd64					install
libflashrom1:amd64				install
libflite1:amd64					install
libfont-afm-perl				install
libfont-ttf-perl				install
libfontconfig-dev:amd64				install
libfontconfig1:amd64				install
libfontconfig1-dev:amd64			install
libfreerdp-client2-2:amd64			install
libfreerdp-server2-2:amd64			install
libfreerdp-shadow-subsystem2-2:amd64		install
libfreerdp-shadow2-2:amd64			install
libfreerdp2-2:amd64				install
libfreetype-dev:amd64				install
libfreetype6:amd64				install
libfreetype6-dev:amd64				install
libfribidi-dev:amd64				install
libfribidi0:amd64				install
libftdi1-2:amd64				install
libfuse2:amd64					install
libfuse3-3:amd64				install
libfwupd2:amd64					install
libfwupdplugin5:amd64				install
libgbm1:amd64					install
libgc1:amd64					install
libgcab-1.0-0:amd64				install
libgcc-11-dev:amd64				install
libgcc-s1:amd64					install
libgcrypt20:amd64				install
libgd3:amd64					install
libgdbm-compat4:amd64				install
libgdbm6:amd64					install
libgdk-pixbuf-2.0-0:amd64			install
libgdk-pixbuf2.0-bin				install
libgdk-pixbuf2.0-common				install
libgfapi0:amd64					install
libgfortran5:amd64				install
libgfrpc0:amd64					install
libgfxdr0:amd64					install
libgirepository-1.0-1:amd64			install
libgit-wrapper-perl				install
libgitlab-api-v4-perl				install
libgl1:amd64					install
libgl1-amber-dri:amd64				install
libgl1-mesa-dri:amd64				install
libglapi-mesa:amd64				install
libgles2:amd64					install
libglib2.0-0:amd64				install
libglib2.0-bin					install
libglib2.0-data					install
libglib2.0-dev:amd64				install
libglib2.0-dev-bin				install
libglusterfs0:amd64				install
libglvnd0:amd64					install
libglx-mesa0:amd64				install
libglx0:amd64					install
libgme0:amd64					install
libgmp10:amd64					install
libgnutls30:amd64				install
libgomp1:amd64					install
libgovirt-common				install
libgovirt2:amd64				install
libgpg-error0:amd64				install
libgpgme11:amd64				install
libgpm2:amd64					install
libgraphite2-3:amd64				install
libgraphite2-dev:amd64				install
libgs9:amd64					install
libgs9-common					install
libgsm1:amd64					install
libgssapi-krb5-2:amd64				install
libgstreamer-plugins-base1.0-0:amd64		install
libgstreamer-plugins-good1.0-0:amd64		install
libgstreamer1.0-0:amd64				install
libgtk-3-0:amd64				install
libgtk-3-bin					install
libgtk-3-common					install
libgtk-vnc-2.0-0:amd64				install
libgudev-1.0-0:amd64				install
libguestfs-hfsplus:amd64			install
libguestfs-perl					install
libguestfs-reiserfs:amd64			install
libguestfs-tools				install
libguestfs-xfs:amd64				install
libguestfs0:amd64				install
libgusb2:amd64					install
libgvnc-1.0-0:amd64				install
libharfbuzz-dev:amd64				install
libharfbuzz-gobject0:amd64			install
libharfbuzz-icu0:amd64				install
libharfbuzz0b:amd64				install
libhash-fieldhash-perl				install
libhfsp0					install
libhivex0:amd64					install
libhogweed6:amd64				install
libhtml-form-perl				install
libhtml-format-perl				install
libhtml-html5-entities-perl			install
libhtml-parser-perl:amd64			install
libhtml-tagset-perl				install
libhtml-template-perl				install
libhtml-tree-perl				install
libhttp-cookies-perl				install
libhttp-daemon-perl				install
libhttp-date-perl				install
libhttp-message-perl				install
libhttp-negotiate-perl				install
libhttp-tiny-multipart-perl			install
libibverbs1:amd64				install
libice-dev:amd64				install
libice6:amd64					install
libicu-dev:amd64				install
libicu70:amd64					install
libidn12:amd64					install
libidn2-0:amd64					install
libiec61883-0:amd64				install
libigdgmm12:amd64				install
libijs-0.35:amd64				install
libimobiledevice6:amd64				install
libimport-into-perl				install
libinih1:amd64					install
libintl-perl					install
libintl-xs-perl					install
libio-html-perl					install
libio-interactive-perl				install
libio-prompt-tiny-perl				install
libio-prompter-perl				install
libio-pty-perl					install
libio-socket-ssl-perl				install
libio-string-perl				install
libip4tc2:amd64					install
libip6tc2:amd64					install
libipc-run-perl					install
libipc-run3-perl				install
libipc-system-simple-perl			install
libisc-export1105:amd64				install
libiscsi7:amd64					install
libisl23:amd64					install
libisns0:amd64					install
libisoburn1:amd64				install
libisofs6:amd64					install
libiterator-perl				install
libiterator-util-perl				install
libitm1:amd64					install
libjack-jackd2-0:amd64				install
libjansson4:amd64				install
libjbig0:amd64					install
libjbig2dec0:amd64				install
libjcat1:amd64					install
libjpeg-turbo8:amd64				install
libjpeg62:amd64					install
libjpeg62-dev:amd64				install
libjpeg8:amd64					install
libjq1:amd64					install
libjs-jquery					install
libjs-sphinxdoc					install
libjs-underscore				install
libjson-c5:amd64				install
libjson-glib-1.0-0:amd64			install
libjson-glib-1.0-common				install
libjson-maybexs-perl				install
libjson-perl					install
libjson-xs-perl					install
libjte2:amd64					install
libk5crypto3:amd64				install
libkeyutils1:amd64				install
libklibc:amd64					install
libkmod2:amd64					install
libkrb5-3:amd64					install
libkrb5support0:amd64				install
libksba8:amd64					install
liblcms2-2:amd64				install
libldap-2.5-0:amd64				install
libldap-common					install
libldm-1.0-0:amd64				install
liblilv-0-0:amd64				install
liblinear4:amd64				install
liblist-compare-perl				install
liblist-moreutils-perl				install
liblist-moreutils-xs-perl			install
liblist-someutils-perl				install
liblist-someutils-xs-perl			install
liblist-utilsby-perl				install
libllvm14:amd64					install
libllvm15:amd64					install
liblmdb0:amd64					install
liblocale-gettext-perl				install
liblog-any-adapter-screen-perl			install
liblog-any-perl					install
liblsan0:amd64					install
libltdl-dev:amd64				install
libltdl7:amd64					install
liblua5.3-0:amd64				install
liblvm2cmd2.03:amd64				install
liblwp-mediatypes-perl				install
liblwp-protocol-https-perl			install
liblz4-1:amd64					install
liblzma5:amd64					install
liblzo2-2:amd64					install
libmagic-mgc					install
libmagic1:amd64					install
libmailtools-perl				install
libmarkdown2:amd64				install
libmath-base85-perl				install
libmaxminddb0:amd64				install
libmbim-glib4:amd64				install
libmbim-proxy					install
libmd0:amd64					install
libmecab2:amd64					install
libmfx1:amd64					install
libmm-glib0:amd64				install
libmnl0:amd64					install
libmodule-find-perl				install
libmodule-implementation-perl			install
libmodule-runtime-perl				install
libmodule-scandeps-perl				install
libmoo-perl					install
libmoox-aliases-perl				install
libmoox-struct-perl				install
libmount-dev:amd64				install
libmount1:amd64					install
libmouse-perl					install
libmp3lame0:amd64				install
libmpc3:amd64					install
libmpdec3:amd64					install
libmpfr6:amd64					install
libmpg123-0:amd64				install
libmspack0:amd64				install
libmysofa1:amd64				install
libnamespace-autoclean-perl			install
libnamespace-clean-perl				install
libncurses-dev:amd64				install
libncurses6:amd64				install
libncursesw6:amd64				install
libndctl6:amd64					install
libndp0:amd64					install
libnet-domain-tld-perl				install
libnet-http-perl				install
libnet-ipv6addr-perl				install
libnet-netmask-perl				install
libnet-smtp-ssl-perl				install
libnet-ssleay-perl:amd64			install
libnetaddr-ip-perl				install
libnetfilter-conntrack3:amd64			install
libnetpbm10					install
libnetplan0:amd64				install
libnettle8:amd64				install
libnewt0.52:amd64				install
libnfnetlink0:amd64				install
libnftables1:amd64				install
libnftnl11:amd64				install
libnghttp2-14:amd64				install
libnl-3-200:amd64				install
libnl-genl-3-200:amd64				install
libnl-route-3-200:amd64				install
libnm0:amd64					install
libnorm1:amd64					install
libnpth0:amd64					install
libnsl-dev:amd64				install
libnsl2:amd64					install
libnspr4:amd64					install
libnss-mymachines:amd64				install
libnss-systemd:amd64				install
libnss3:amd64					install
libntfs-3g89					install
libnuma1:amd64					install
libnumber-compare-perl				install
libobjc-11-dev:amd64				install
libobjc4:amd64					install
libobject-id-perl				install
libogg-dev:amd64				install
libogg0:amd64					install
libonig5:amd64					install
libopenal-data					install
libopenal1:amd64				install
libopenblas0-pthread:amd64			install
libopeniscsiusr					install
libopenjp2-7:amd64				install
libopenmpt0:amd64				install
libopus0:amd64					install
liborc-0.4-0:amd64				install
libosinfo-1.0-0:amd64				install
libosinfo-bin					install
libossp-uuid-dev:amd64				install
libossp-uuid16:amd64				install
libp11-kit0:amd64				install
libpackage-stash-perl				install
libpackage-stash-xs-perl			install
libpackagekit-glib2-18:amd64			install
libpam-cap:amd64				install
libpam-modules:amd64				install
libpam-modules-bin				install
libpam-runtime					install
libpam-systemd:amd64				install
libpam0g:amd64					install
libpango-1.0-0:amd64				install
libpango1.0-dev:amd64				install
libpangocairo-1.0-0:amd64			install
libpangoft2-1.0-0:amd64				install
libpangoxft-1.0-0:amd64				install
libpaper-utils					install
libpaper1:amd64					install
libparams-classify-perl				install
libparams-util-perl				install
libparted-fs-resize0:amd64			install
libparted2:amd64				install
libpath-iterator-rule-perl			install
libpath-tiny-perl				install
libpcap0.8:amd64				install
libpci3:amd64					install
libpciaccess0:amd64				install
libpcre16-3:amd64				install
libpcre2-16-0:amd64				install
libpcre2-32-0:amd64				install
libpcre2-8-0:amd64				install
libpcre2-dev:amd64				install
libpcre2-posix3:amd64				install
libpcre3:amd64					install
libpcre3-dev:amd64				install
libpcre32-3:amd64				install
libpcrecpp0v5:amd64				install
libpcsclite1:amd64				install
libperl5.34:amd64				install
libperlio-gzip-perl				install
libperlio-utf8-strict-perl			install
libpfm4:amd64					install
libpgm-5.3-0:amd64				install
libphodav-2.0-0:amd64				install
libphodav-2.0-common				install
libpipeline1:amd64				install
libpixman-1-0:amd64				install
libpixman-1-dev:amd64				install
libplist3:amd64					install
libplymouth5:amd64				install
libpmem1:amd64					install
libpmemobj1:amd64				install
libpng-dev:amd64				install
libpng-tools					install
libpng16-16:amd64				install
libpocketsphinx3:amd64				install
libpod-constants-perl				install
libpod-parser-perl				install
libpolkit-agent-1-0:amd64			install
libpolkit-gobject-1-0:amd64			install
libpopt0:amd64					install
libpostproc55:amd64				install
libproc-processtable-perl:amd64			install
libprocps8:amd64				install
libprotobuf-lite23:amd64			install
libproxy1v5:amd64				install
libpsl5:amd64					install
libpthread-stubs0-dev:amd64			install
libpulse-dev:amd64				install
libpulse-mainloop-glib0:amd64			install
libpulse0:amd64					install
libpwquality-common				install
libpwquality-tools				install
libpwquality1:amd64				install
libpython3-dev:amd64				install
libpython3-stdlib:amd64				install
libpython3.10:amd64				install
libpython3.10-dev:amd64				install
libpython3.10-minimal:amd64			install
libpython3.10-stdlib:amd64			install
libqmi-glib5:amd64				install
libqmi-proxy					install
libquadmath0:amd64				install
librabbitmq4:amd64				install
librados2					install
libraw1394-11:amd64				install
librbd1						install
librdmacm1:amd64				install
libre-engine-re2-perl:amd64			install
libre2-9:amd64					install
libreadline8:amd64				install
libreadonly-perl				install
libref-util-perl				install
libref-util-xs-perl				install
libregexp-pattern-license-perl			install
libregexp-pattern-perl				install
librest-0.7-0:amd64				install
librole-tiny-perl				install
librpm9						install
librpmio9					install
librsvg2-2:amd64				install
librsvg2-common:amd64				install
librtmp1:amd64					install
librubberband2:amd64				install
libsamplerate0:amd64				install
libsasl2-2:amd64				install
libsasl2-modules:amd64				install
libsasl2-modules-db:amd64			install
libsdl2-2.0-0:amd64				install
libseccomp2:amd64				install
libselinux1:amd64				install
libselinux1-dev:amd64				install
libsemanage-common				install
libsemanage2:amd64				install
libsensors-config				install
libsensors5:amd64				install
libsepol-dev:amd64				install
libsepol2:amd64					install
libserd-0-0:amd64				install
libsereal-decoder-perl				install
libsereal-encoder-perl:amd64			install
libset-intspan-perl				install
libsgutils2-2:amd64				install
libshine3:amd64					install
libshout3:amd64					install
libsigsegv2:amd64				install
libslang2:amd64					install
libslirp0:amd64					install
libsm-dev:amd64					install
libsm6:amd64					install
libsmartcols1:amd64				install
libsmbios-c2					install
libsnappy1v5:amd64				install
libsndfile1:amd64				install
libsndio7.0:amd64				install
libsocket6-perl					install
libsodium23:amd64				install
libsord-0-0:amd64				install
libsort-naturally-perl				install
libsort-versions-perl				install
libsoup-gnome2.4-1:amd64			install
libsoup2.4-1:amd64				install
libsoup2.4-common				install
libsoxr0:amd64					install
libspeex1:amd64					install
libsphinxbase3:amd64				install
libspice-client-glib-2.0-8:amd64		install
libspice-client-gtk-3.0-5:amd64			install
libspice-server1:amd64				install
libsqlite3-0:amd64				install
libsratom-0-0:amd64				install
libsrt1.4-gnutls:amd64				install
libss2:amd64					install
libssh-4:amd64					install
libssh-gcrypt-4:amd64				install
libssh2-1:amd64					install
libssh2-1-dev:amd64				install
libssl-dev:amd64				install
libssl3:amd64					install
libstdc++-11-dev:amd64				install
libstdc++6:amd64				install
libstemmer0d:amd64				install
libstrictures-perl				install
libstring-copyright-perl			install
libstring-escape-perl				install
libstring-shellquote-perl			install
libsub-exporter-perl				install
libsub-exporter-progressive-perl		install
libsub-identify-perl				install
libsub-install-perl				install
libsub-name-perl				install
libsub-quote-perl				install
libswresample-dev:amd64				install
libswresample3:amd64				install
libswscale-dev:amd64				install
libswscale5:amd64				install
libsyntax-keyword-try-perl			install
libsys-virt-perl				install
libsystemd0:amd64				install
libtag1v5:amd64					install
libtag1v5-vanilla:amd64				install
libtasn1-6:amd64				install
libtcl8.6:amd64					install
libtcnative-1:amd64				install
libteamdctl0:amd64				install
libtelnet-dev:amd64				install
libtelnet2:amd64				install
libterm-readkey-perl				install
libtext-charwidth-perl				install
libtext-glob-perl				install
libtext-iconv-perl				install
libtext-levenshteinxs-perl			install
libtext-markdown-discount-perl:amd64		install
libtext-wrapi18n-perl				install
libtext-xslate-perl:amd64			install
libthai-data					install
libthai-dev:amd64				install
libthai0:amd64					install
libtheora0:amd64				install
libtiff5:amd64					install
libtime-duration-perl				install
libtime-moment-perl				install
libtimedate-perl				install
libtinfo-dev:amd64				install
libtinfo6:amd64					install
libtirpc-common					install
libtirpc-dev:amd64				install
libtirpc3:amd64					install
libtk8.6:amd64					install
libtomcat9-java					install
libtool						install
libtool-bin					install
libtpms0:amd64					install
libtry-tiny-perl				install
libtsan0:amd64					install
libtsk19:amd64					install
libtss2-esys-3.0.2-0:amd64			install
libtss2-mu0:amd64				install
libtss2-sys1:amd64				install
libtss2-tcti-cmd0:amd64				install
libtss2-tcti-device0:amd64			install
libtss2-tcti-mssim0:amd64			install
libtss2-tcti-swtpm0:amd64			install
libtwolame0:amd64				install
libtype-tiny-perl				install
libtype-tiny-xs-perl				install
libtypes-serialiser-perl			install
libubsan1:amd64					install
libuchardet0:amd64				install
libudev1:amd64					install
libudfread0:amd64				install
libudisks2-0:amd64				install
libunicode-utf8-perl				install
libunistring2:amd64				install
libunwind8:amd64				install
libupower-glib3:amd64				install
liburcu8:amd64					install
liburi-perl					install
liburing2:amd64					install
libusb-1.0-0:amd64				install
libusbmuxd6:amd64				install
libusbredirhost1:amd64				install
libusbredirparser1:amd64			install
libutempter0:amd64				install
libuuid1:amd64					install
libuv1:amd64					install
libuv1-dev:amd64				install
libv4l-0:amd64					install
libv4lconvert0:amd64				install
libva-drm2:amd64				install
libva-x11-2:amd64				install
libva2:amd64					install
libvariable-magic-perl				install
libvdpau1:amd64					install
libvhdi1:amd64					install
libvidstab1.1:amd64				install
libvirglrenderer1:amd64				install
libvirt-clients					install
libvirt-daemon					install
libvirt-daemon-config-network			install
libvirt-daemon-config-nwfilter			install
libvirt-daemon-driver-qemu			install
libvirt-daemon-system				install
libvirt-daemon-system-systemd			install
libvirt-dbus					install
libvirt-glib-1.0-0:amd64			install
libvirt-glib-1.0-data				install
libvirt0:amd64					install
libvisual-0.4-0:amd64				install
libvmdk1:amd64					install
libvolume-key1					install
libvorbis-dev:amd64				install
libvorbis0a:amd64				install
libvorbisenc2:amd64				install
libvorbisfile3:amd64				install
libvpx7:amd64					install
libvte-2.91-0:amd64				install
libvte-2.91-common				install
libwant-perl					install
libwavpack1:amd64				install
libwayland-client0:amd64			install
libwayland-cursor0:amd64			install
libwayland-egl1:amd64				install
libwayland-server0:amd64			install
libwebp-dev:amd64				install
libwebp7:amd64					install
libwebpdemux2:amd64				install
libwebpmux3:amd64				install
libwebsockets-dev:amd64				install
libwebsockets16:amd64				install
libwin-hivex-perl				install
libwinpr-tools2-2:amd64				install
libwinpr2-2:amd64				install
libwinpr2-dev:amd64				install
libwrap0:amd64					install
libwww-perl					install
libwww-robotrules-perl				install
libx11-6:amd64					install
libx11-data					install
libx11-dev:amd64				install
libx11-xcb1:amd64				install
libx264-163:amd64				install
libx265-199:amd64				install
libxau-dev:amd64				install
libxau6:amd64					install
libxcb-dri2-0:amd64				install
libxcb-dri3-0:amd64				install
libxcb-glx0:amd64				install
libxcb-present0:amd64				install
libxcb-randr0:amd64				install
libxcb-render0:amd64				install
libxcb-render0-dev:amd64			install
libxcb-shape0:amd64				install
libxcb-shm0:amd64				install
libxcb-shm0-dev:amd64				install
libxcb-sync1:amd64				install
libxcb-xfixes0:amd64				install
libxcb1:amd64					install
libxcb1-dev:amd64				install
libxcomposite1:amd64				install
libxcursor1:amd64				install
libxdamage1:amd64				install
libxdmcp-dev:amd64				install
libxdmcp6:amd64					install
libxext-dev:amd64				install
libxext6:amd64					install
libxfixes3:amd64				install
libxft-dev:amd64				install
libxft2:amd64					install
libxi6:amd64					install
libxinerama1:amd64				install
libxkbcommon0:amd64				install
libxkbfile1:amd64				install
libxml-libxml-perl				install
libxml-namespacesupport-perl			install
libxml-parser-perl:amd64			install
libxml-sax-base-perl				install
libxml-sax-expat-perl				install
libxml-sax-perl					install
libxml-xpath-perl				install
libxml2:amd64					install
libxml2-dev:amd64				install
libxml2-utils					install
libxmlb2:amd64					install
libxmlsec1:amd64				install
libxmlsec1-openssl:amd64			install
libxmu6:amd64					install
libxmuu1:amd64					install
libxpm4:amd64					install
libxrandr2:amd64				install
libxrender-dev:amd64				install
libxrender1:amd64				install
libxs-parse-keyword-perl			install
libxshmfence1:amd64				install
libxslt1.1:amd64				install
libxss1:amd64					install
libxt6:amd64					install
libxtables12:amd64				install
libxtst6:amd64					install
libxv1:amd64					install
libxvidcore4:amd64				install
libxxf86vm1:amd64				install
libxxhash0:amd64				install
libyajl2:amd64					install
libyaml-0-2:amd64				install
libyaml-libyaml-perl				install
libyara8:amd64					install
libz3-4:amd64					install
libz3-dev:amd64					install
libzimg2:amd64					install
libzmq5:amd64					install
libzstd1:amd64					install
libzvbi-common					install
libzvbi0:amd64					install
licensecheck					install
lintian						install
linux-base					install
linux-firmware					install
linux-generic					install
linux-headers-5.15.0-122			install
linux-headers-5.15.0-122-generic		install
linux-headers-5.15.0-124			install
linux-headers-5.15.0-124-generic		install
linux-headers-generic				install
linux-image-5.15.0-100-generic			deinstall
linux-image-5.15.0-101-generic			deinstall
linux-image-5.15.0-102-generic			deinstall
linux-image-5.15.0-105-generic			deinstall
linux-image-5.15.0-106-generic			deinstall
linux-image-5.15.0-107-generic			deinstall
linux-image-5.15.0-112-generic			deinstall
linux-image-5.15.0-113-generic			deinstall
linux-image-5.15.0-116-generic			deinstall
linux-image-5.15.0-117-generic			deinstall
linux-image-5.15.0-118-generic			deinstall
linux-image-5.15.0-119-generic			deinstall
linux-image-5.15.0-121-generic			deinstall
linux-image-5.15.0-122-generic			install
linux-image-5.15.0-124-generic			install
linux-image-5.15.0-60-generic			deinstall
linux-image-5.15.0-78-generic			deinstall
linux-image-5.15.0-79-generic			deinstall
linux-image-5.15.0-82-generic			deinstall
linux-image-5.15.0-83-generic			deinstall
linux-image-5.15.0-84-generic			deinstall
linux-image-5.15.0-86-generic			deinstall
linux-image-5.15.0-87-generic			deinstall
linux-image-5.15.0-88-generic			deinstall
linux-image-5.15.0-89-generic			deinstall
linux-image-5.15.0-91-generic			deinstall
linux-image-5.15.0-92-generic			deinstall
linux-image-5.15.0-94-generic			deinstall
linux-image-5.15.0-97-generic			deinstall
linux-image-generic				install
linux-libc-dev:amd64				install
linux-modules-5.15.0-100-generic		deinstall
linux-modules-5.15.0-101-generic		deinstall
linux-modules-5.15.0-102-generic		deinstall
linux-modules-5.15.0-105-generic		deinstall
linux-modules-5.15.0-106-generic		deinstall
linux-modules-5.15.0-107-generic		deinstall
linux-modules-5.15.0-112-generic		deinstall
linux-modules-5.15.0-113-generic		deinstall
linux-modules-5.15.0-116-generic		deinstall
linux-modules-5.15.0-117-generic		deinstall
linux-modules-5.15.0-118-generic		deinstall
linux-modules-5.15.0-119-generic		deinstall
linux-modules-5.15.0-121-generic		deinstall
linux-modules-5.15.0-122-generic		install
linux-modules-5.15.0-124-generic		install
linux-modules-5.15.0-60-generic			deinstall
linux-modules-5.15.0-78-generic			deinstall
linux-modules-5.15.0-79-generic			deinstall
linux-modules-5.15.0-82-generic			deinstall
linux-modules-5.15.0-83-generic			deinstall
linux-modules-5.15.0-84-generic			deinstall
linux-modules-5.15.0-86-generic			deinstall
linux-modules-5.15.0-87-generic			deinstall
linux-modules-5.15.0-88-generic			deinstall
linux-modules-5.15.0-89-generic			deinstall
linux-modules-5.15.0-91-generic			deinstall
linux-modules-5.15.0-92-generic			deinstall
linux-modules-5.15.0-94-generic			deinstall
linux-modules-5.15.0-97-generic			deinstall
linux-modules-extra-5.15.0-100-generic		deinstall
linux-modules-extra-5.15.0-101-generic		deinstall
linux-modules-extra-5.15.0-102-generic		deinstall
linux-modules-extra-5.15.0-105-generic		deinstall
linux-modules-extra-5.15.0-106-generic		deinstall
linux-modules-extra-5.15.0-107-generic		deinstall
linux-modules-extra-5.15.0-112-generic		deinstall
linux-modules-extra-5.15.0-113-generic		deinstall
linux-modules-extra-5.15.0-116-generic		deinstall
linux-modules-extra-5.15.0-117-generic		deinstall
linux-modules-extra-5.15.0-118-generic		deinstall
linux-modules-extra-5.15.0-119-generic		deinstall
linux-modules-extra-5.15.0-121-generic		deinstall
linux-modules-extra-5.15.0-122-generic		install
linux-modules-extra-5.15.0-124-generic		install
linux-modules-extra-5.15.0-60-generic		deinstall
linux-modules-extra-5.15.0-78-generic		deinstall
linux-modules-extra-5.15.0-79-generic		deinstall
linux-modules-extra-5.15.0-82-generic		deinstall
linux-modules-extra-5.15.0-83-generic		deinstall
linux-modules-extra-5.15.0-84-generic		deinstall
linux-modules-extra-5.15.0-86-generic		deinstall
linux-modules-extra-5.15.0-87-generic		deinstall
linux-modules-extra-5.15.0-88-generic		deinstall
linux-modules-extra-5.15.0-89-generic		deinstall
linux-modules-extra-5.15.0-91-generic		deinstall
linux-modules-extra-5.15.0-92-generic		deinstall
linux-modules-extra-5.15.0-94-generic		deinstall
linux-modules-extra-5.15.0-97-generic		deinstall
llvm-14						install
llvm-14-dev					install
llvm-14-linker-tools				install
llvm-14-runtime					install
llvm-14-tools					install
lm-sensors					install
locales						install
login						install
logrotate					install
logsave						install
lsb-base					install
lsb-release					install
lshw						install
lsof						install
lsscsi						install
lto-disabled-list				install
lua-lpeg:amd64					install
lvm2						install
lxd-agent-loader				install
lzip						install
lzop						install
m4						install
make						install
man-db						install
manpages					install
manpages-dev					install
mawk						install
mdadm						install
mdevctl						install
mecab-ipadic					install
mecab-ipadic-utf8				install
mecab-utils					install
media-types					install
memtest86+					install
mesa-utils					install
mesa-utils-bin:amd64				install
mesa-va-drivers:amd64				install
mesa-vdpau-drivers:amd64			install
modemmanager					install
mokutil						install
motd-news-config				install
mount						install
msr-tools					install
mtools						install
mtr-tiny					install
multipath-tools					install
mysql-client					install
mysql-client-8.0				install
mysql-client-core-8.0				install
mysql-common					install
mysql-server					install
mysql-server-8.0				install
mysql-server-core-8.0				install
nano						install
ncal						install
ncurses-base					install
ncurses-bin					install
ncurses-term					install
needrestart					install
net-tools					install
netbase						install
netcat-openbsd					install
nethogs						install
netpbm						install
netplan.io					install
network-manager					install
network-manager-pptp				install
networkd-dispatcher				install
nftables					install
nload						install
nmap						install
nmap-common					install
ntfs-3g						install
nut-client					deinstall
nut-server					deinstall
ocl-icd-libopencl1:amd64			install
open-iscsi					install
open-vm-tools					install
openjdk-11-jre-headless:amd64			install
openssh-client					install
openssh-server					install
openssh-sftp-server				install
openssl						install
os-prober					install
osinfo-db					install
overlayroot					install
ovmf						install
packagekit					install
packagekit-tools				install
pango1.0-tools					install
parted						install
passwd						install
pastebinit					install
patch						install
patchutils					install
pci.ids						install
pciutils					install
perl						install
perl-base					install
perl-modules-5.34				install
perl-openssl-defaults:amd64			install
pigz						install
pinentry-curses					install
pkexec						install
pkg-config					install
plymouth					install
plymouth-theme-ubuntu-text			install
pocketsphinx-en-us				install
policykit-1					install
polkitd						install
pollinate					install
poppler-data					install
powermgmt-base					install
ppp						install
pptp-linux					install
procps						install
psmisc						install
publicsuffix					install
pv						install
pwgen						install
python-apt-common				install
python-babel-localedata				install
python-matplotlib-data				deinstall
python3						install
python3-apport					install
python3-apt					install
python3-attr					install
python3-automat					install
python3-babel					install
python3-bcrypt					install
python3-blinker					install
python3-certifi					install
python3-cffi-backend:amd64			install
python3-chardet					install
python3-click					install
python3-colorama				install
python3-commandnotfound				install
python3-configobj				install
python3-constantly				install
python3-cryptography				install
python3-dbus					install
python3-debconf					install
python3-debian					install
python3-dev					install
python3-distro					install
python3-distro-info				install
python3-distupgrade				install
python3-distutils				install
python3-docker					install
python3-dockerpty				install
python3-docopt					install
python3-dotenv					install
python3-gdbm:amd64				install
python3-gi					install
python3-gpg					install
python3-hamcrest				install
python3-httplib2				install
python3-hyperlink				install
python3-idna					install
python3-importlib-metadata			install
python3-incremental				install
python3-iniparse				install
python3-jeepney					install
python3-jinja2					install
python3-json-pointer				install
python3-jsonpatch				install
python3-jsonschema				install
python3-jwt					install
python3-keyring					install
python3-launchpadlib				install
python3-lazr.restfulclient			install
python3-lazr.uri				install
python3-lib2to3					install
python3-libvirt					install
python3-libxml2:amd64				install
python3-magic					install
python3-markupsafe				install
python3-minimal					install
python3-more-itertools				install
python3-netifaces:amd64				install
python3-newt:amd64				install
python3-oauthlib				install
python3-openssl					install
python3-pexpect					install
python3-pip					install
python3-pkg-resources				install
python3-problem-report				install
python3-ptyprocess				install
python3-pyasn1					install
python3-pyasn1-modules				install
python3-pygments				install
python3-pyinotify				install
python3-pyparsing				install
python3-pyrsistent:amd64			install
python3-requests				install
python3-secretstorage				install
python3-serial					install
python3-service-identity			install
python3-setuptools				install
python3-six					install
python3-software-properties			install
python3-sympy					deinstall
python3-systemd					install
python3-texttable				install
python3-tk:amd64				install
python3-twisted					install
python3-tz					install
python3-unidiff					install
python3-update-manager				install
python3-urllib3					install
python3-wadllib					install
python3-websocket				install
python3-wheel					install
python3-xdg					install
python3-xkit					install
python3-yaml					install
python3-zipp					install
python3-zope.interface				install
python3.10					install
python3.10-dev					install
python3.10-minimal				install
qemu-block-extra				install
qemu-efi-aarch64				install
qemu-efi-arm					install
qemu-system					install
qemu-system-arm					install
qemu-system-common				install
qemu-system-data				install
qemu-system-gui					install
qemu-system-mips				install
qemu-system-misc				install
qemu-system-ppc					install
qemu-system-s390x				install
qemu-system-sparc				install
qemu-system-x86					install
qemu-utils					install
rar						install
rclone						install
readline-common					install
reiserfsprogs					install
rename						install
rpcsvc-proto					install
rpm-common					install
rsync						install
rsyslog						install
run-one						install
sbsigntool					install
screen						install
scrub						install
seabios						install
secureboot-db					install
sed						install
sensible-utils					install
session-migration				install
sg3-utils					install
sg3-utils-udev					install
shared-mime-info				install
shim-signed					install
sleuthkit					install
slirp4netns					install
smartmontools					install
snapd						install
software-properties-common			install
sosreport					install
speedtest					install
spice-client-glib-usb-acl-helper		install
squashfs-tools					install
ssh-import-id					install
strace						install
sudo						install
supermin					install
swtpm						install
swtpm-tools					install
syslinux					install
syslinux-common					install
systemd						install
systemd-container				install
systemd-hwe-hwdb				install
systemd-sysv					install
systemd-timesyncd				install
sysvinit-utils					install
t1utils						install
tar						install
tcl						install
tcl8.6						install
tcpdump						install
telnet						install
thermald					install
thin-provisioning-tools				install
time						install
tk8.6-blt2.5					install
tmux						install
tnftp						install
tomcat9						install
tomcat9-admin					install
tomcat9-common					install
tomcat9-user					install
tpm-udev					install
traceroute					install
tree						install
tzdata						install
ubuntu-advantage-tools				install
ubuntu-drivers-common				install
ubuntu-keyring					install
ubuntu-minimal					install
ubuntu-mono					install
ubuntu-pro-client				install
ubuntu-pro-client-l10n				install
ubuntu-release-upgrader-core			install
ubuntu-server					install
ubuntu-server-minimal				install
ubuntu-standard					install
ucf						install
udev						install
udisks2						install
ufw						install
unattended-upgrades				install
unrar						install
unzip						install
update-manager-core				install
update-notifier-common				install
upower						install
usb-modeswitch					install
usb-modeswitch-data				install
usb.ids						install
usbmuxd						install
usbutils					install
usrmerge					install
util-linux					install
uuid-dev:amd64					install
uuid-runtime					install
va-driver-all:amd64				install
vdpau-driver-all:amd64				install
vim						install
vim-common					install
vim-runtime					install
vim-tiny					install
virt-p2v					install
virt-viewer					install
virtinst					install
wamerican					install
wdiff						install
wget						install
whiptail					install
whois						install
winpr-utils					install
wireless-regdb					install
wpasupplicant					install
x11-common					install
x11proto-dev					install
xauth						install
xclip						install
xdg-user-dirs					install
xfsprogs					install
xkb-data					install
xorg-sgml-doctools				install
xorriso						install
xtrans-dev					install
xxd						install
xz-utils					install
zerofree					install
zlib1g:amd64					install
zlib1g-dev:amd64				install
zstd						install
